<?xml version="1.0" encoding="UTF-8"?>
<testsuite name="com.JPA_study.Mockito.MockitoAnnotationTest" tests="1" skipped="0" failures="0" errors="0" timestamp="2021-12-12T11:17:28" hostname="DESKTOP-R7AB2GV" time="0.558">
  <properties/>
  <testcase name="whenNotUseSpyAnnotation_thenCorrect()" classname="com.JPA_study.Mockito.MockitoAnnotationTest" time="0.558"/>
  <system-out><![CDATA[]]></system-out>
  <system-err><![CDATA[]]></system-err>
</testsuite>
